2024-05-28T07:01:02.014895649:Accesdb.lligReg(SELECT idWorker, workerRol FROM worker WHERE userName='ADMIN' AND password='1234')
2024-05-28T09:25:36.336458201:Opened filelog queries.log
2024-05-28T09:25:36.781323094:Accesdb.lligtaula(weekTemplate) ->SELECT * FROM weekTemplate
2024-05-28T09:25:36.811870232:Accesdb.lligtaula(worker) ->SELECT * FROM worker
2024-05-28T09:25:36.832184284:Accesdb.lligtaula(odplanDDBB.rank) ->SELECT * FROM odplanDDBB.rank
2024-05-28T09:25:36.847879520:Accesdb.lligtaula(taskType) ->SELECT * FROM taskType
2024-05-28T09:25:36.864355497:Accesdb.lligtaula(section) ->SELECT * FROM section
2024-05-28T09:25:36.879916508:Accesdb.lligtaula(productType) ->SELECT * FROM productType
2024-05-28T09:25:36.892825342:Accesdb.lligtaula(productType) ->SELECT * FROM productType
2024-05-28T09:25:36.893095372:Accesdb.lligString(SELECT * FROM lastGeneratedDates ORDER BY lastDate DESC LIMIT 1;)
2024-05-28T09:25:36.905707328:Accesdb.lligReg(SELECT * FROM lastGeneratedDates ORDER BY lastDate DESC LIMIT 1;)
2024-05-28T09:25:36.918275947:Accesdb.lligReg(SELECT * FROM lastGeneratedDates ORDER BY lastDate DESC LIMIT 1;)
2024-05-28T09:25:36.966321740:Accesdb.lligQuery(..)) ->SELECT date, workTime FROM calendar WHERE idWorker=0
2024-05-28T09:25:36.999634443:Accesdb.lligQuery(..)) ->SELECT date, workTime FROM calendar WHERE idWorker=1
2024-05-28T09:25:37.021196060:Accesdb.lligQuery(..)) ->SELECT date, workTime FROM calendar WHERE idWorker=2
2024-05-28T09:25:37.038238064:Accesdb.lligQuery(..)) ->SELECT date, workTime FROM calendar WHERE idWorker=3
2024-05-28T09:25:37.053714279:Accesdb.lligQuery(..)) ->SELECT date, workTime FROM calendar WHERE idWorker=4
2024-05-28T09:25:37.066711692:Accesdb.lligQuery(..)) ->SELECT idTask FROM abilities WHERE idWorker = 0
2024-05-28T09:25:37.079643418:Accesdb.lligQuery(..)) ->SELECT idTask FROM abilities WHERE idWorker = 1
2024-05-28T09:25:37.093720536:Accesdb.lligQuery(..)) ->SELECT idTask FROM abilities WHERE idWorker = 2
2024-05-28T09:25:37.108095056:Accesdb.lligQuery(..)) ->SELECT idTask FROM abilities WHERE idWorker = 3
2024-05-28T09:25:37.120708471:Accesdb.lligQuery(..)) ->SELECT idTask FROM abilities WHERE idWorker = 4
2024-05-28T09:26:47.965004114:Accesdb.lligReg(SELECT idWorker, workerRol FROM worker WHERE userName='ADMIN' AND password='1234')
2024-05-28T09:27:20.918090171:Opened filelog queries.log
2024-05-28T09:27:21.268441447:Accesdb.lligtaula(weekTemplate) ->SELECT * FROM weekTemplate
2024-05-28T09:27:21.297883921:Accesdb.lligtaula(worker) ->SELECT * FROM worker
2024-05-28T09:27:21.322201332:Accesdb.lligtaula(odplanDDBB.rank) ->SELECT * FROM odplanDDBB.rank
2024-05-28T09:27:21.337589619:Accesdb.lligtaula(taskType) ->SELECT * FROM taskType
2024-05-28T09:27:21.353328448:Accesdb.lligtaula(section) ->SELECT * FROM section
2024-05-28T09:27:21.368944378:Accesdb.lligtaula(productType) ->SELECT * FROM productType
2024-05-28T09:27:21.385054233:Accesdb.lligtaula(productType) ->SELECT * FROM productType
2024-05-28T09:27:21.385336322:Accesdb.lligString(SELECT * FROM lastGeneratedDates ORDER BY lastDate DESC LIMIT 1;)
2024-05-28T09:27:21.399124073:Accesdb.lligReg(SELECT * FROM lastGeneratedDates ORDER BY lastDate DESC LIMIT 1;)
2024-05-28T09:27:21.414540339:Accesdb.lligReg(SELECT * FROM lastGeneratedDates ORDER BY lastDate DESC LIMIT 1;)
2024-05-28T09:27:21.457585482:Accesdb.lligQuery(..)) ->SELECT date, workTime FROM calendar WHERE idWorker=0
2024-05-28T09:27:21.491978296:Accesdb.lligQuery(..)) ->SELECT date, workTime FROM calendar WHERE idWorker=1
2024-05-28T09:27:21.512818160:Accesdb.lligQuery(..)) ->SELECT date, workTime FROM calendar WHERE idWorker=2
2024-05-28T09:27:21.528140425:Accesdb.lligQuery(..)) ->SELECT date, workTime FROM calendar WHERE idWorker=3
2024-05-28T09:27:21.542547402:Accesdb.lligQuery(..)) ->SELECT date, workTime FROM calendar WHERE idWorker=4
2024-05-28T09:27:21.554803238:Accesdb.lligQuery(..)) ->SELECT idTask FROM abilities WHERE idWorker = 0
2024-05-28T09:27:21.565734101:Accesdb.lligQuery(..)) ->SELECT idTask FROM abilities WHERE idWorker = 1
2024-05-28T09:27:21.576755648:Accesdb.lligQuery(..)) ->SELECT idTask FROM abilities WHERE idWorker = 2
2024-05-28T09:27:21.586956586:Accesdb.lligQuery(..)) ->SELECT idTask FROM abilities WHERE idWorker = 3
2024-05-28T09:27:21.596913405:Accesdb.lligQuery(..)) ->SELECT idTask FROM abilities WHERE idWorker = 4
2024-05-28T09:27:33.231333043:Accesdb.lligReg(SELECT idWorker, workerRol FROM worker WHERE userName='ADMIN' AND password='1234')
2024-05-28T09:35:38.745886393:Opened filelog queries.log
2024-05-28T09:35:39.120748659:Accesdb.lligtaula(weekTemplate) ->SELECT * FROM weekTemplate
2024-05-28T09:35:39.150161330:Accesdb.lligtaula(worker) ->SELECT * FROM worker
2024-05-28T09:35:39.168613872:Accesdb.lligtaula(odplanDDBB.rank) ->SELECT * FROM odplanDDBB.rank
2024-05-28T09:35:39.183286545:Accesdb.lligtaula(taskType) ->SELECT * FROM taskType
2024-05-28T09:35:39.198423582:Accesdb.lligtaula(section) ->SELECT * FROM section
2024-05-28T09:35:39.212203314:Accesdb.lligtaula(productType) ->SELECT * FROM productType
2024-05-28T09:35:39.224351646:Accesdb.lligtaula(productType) ->SELECT * FROM productType
2024-05-28T09:35:39.224590240:Accesdb.lligString(SELECT * FROM lastGeneratedDates ORDER BY lastDate DESC LIMIT 1;)
2024-05-28T09:35:39.235841236:Accesdb.lligReg(SELECT * FROM lastGeneratedDates ORDER BY lastDate DESC LIMIT 1;)
2024-05-28T09:35:39.249125461:Accesdb.lligReg(SELECT * FROM lastGeneratedDates ORDER BY lastDate DESC LIMIT 1;)
2024-05-28T09:35:39.303522476:Accesdb.lligQuery(..)) ->SELECT date, workTime FROM calendar WHERE idWorker=0
2024-05-28T09:35:39.342437874:Accesdb.lligQuery(..)) ->SELECT date, workTime FROM calendar WHERE idWorker=1
2024-05-28T09:35:39.363414376:Accesdb.lligQuery(..)) ->SELECT date, workTime FROM calendar WHERE idWorker=2
2024-05-28T09:35:39.381946409:Accesdb.lligQuery(..)) ->SELECT date, workTime FROM calendar WHERE idWorker=3
2024-05-28T09:35:39.397452798:Accesdb.lligQuery(..)) ->SELECT date, workTime FROM calendar WHERE idWorker=4
2024-05-28T09:35:39.411591006:Accesdb.lligQuery(..)) ->SELECT idTask FROM abilities WHERE idWorker = 0
2024-05-28T09:35:39.424974539:Accesdb.lligQuery(..)) ->SELECT idTask FROM abilities WHERE idWorker = 1
2024-05-28T09:35:39.437842349:Accesdb.lligQuery(..)) ->SELECT idTask FROM abilities WHERE idWorker = 2
2024-05-28T09:35:39.448322654:Accesdb.lligQuery(..)) ->SELECT idTask FROM abilities WHERE idWorker = 3
2024-05-28T09:35:39.459805694:Accesdb.lligQuery(..)) ->SELECT idTask FROM abilities WHERE idWorker = 4
2024-05-28T09:35:47.926107788:Accesdb.lligReg(SELECT idWorker, workerRol FROM worker WHERE userName='ADMIN' AND password='1234')
2024-05-28T09:40:56.612959019:Opened filelog queries.log
2024-05-28T09:40:57.023786919:Accesdb.lligtaula(weekTemplate) ->SELECT * FROM weekTemplate
2024-05-28T09:40:57.057933650:Accesdb.lligtaula(worker) ->SELECT * FROM worker
2024-05-28T09:40:57.081766933:Accesdb.lligtaula(odplanDDBB.rank) ->SELECT * FROM odplanDDBB.rank
2024-05-28T09:40:57.098019949:Accesdb.lligtaula(taskType) ->SELECT * FROM taskType
2024-05-28T09:40:57.114335664:Accesdb.lligtaula(section) ->SELECT * FROM section
2024-05-28T09:40:57.129893752:Accesdb.lligtaula(productType) ->SELECT * FROM productType
2024-05-28T09:40:57.144258928:Accesdb.lligtaula(productType) ->SELECT * FROM productType
2024-05-28T09:40:57.144534777:Accesdb.lligString(SELECT * FROM lastGeneratedDates ORDER BY lastDate DESC LIMIT 1;)
2024-05-28T09:40:57.158177792:Accesdb.lligReg(SELECT * FROM lastGeneratedDates ORDER BY lastDate DESC LIMIT 1;)
2024-05-28T09:40:57.172913557:Accesdb.lligReg(SELECT * FROM lastGeneratedDates ORDER BY lastDate DESC LIMIT 1;)
2024-05-28T09:40:57.228761807:Accesdb.lligQuery(..)) ->SELECT date, workTime FROM calendar WHERE idWorker=0
2024-05-28T09:40:57.274543700:Accesdb.lligQuery(..)) ->SELECT date, workTime FROM calendar WHERE idWorker=1
2024-05-28T09:40:57.303267079:Accesdb.lligQuery(..)) ->SELECT date, workTime FROM calendar WHERE idWorker=2
2024-05-28T09:40:57.324097119:Accesdb.lligQuery(..)) ->SELECT date, workTime FROM calendar WHERE idWorker=3
2024-05-28T09:40:57.343352050:Accesdb.lligQuery(..)) ->SELECT date, workTime FROM calendar WHERE idWorker=4
2024-05-28T09:40:57.361797830:Accesdb.lligQuery(..)) ->SELECT idTask FROM abilities WHERE idWorker = 0
2024-05-28T09:40:57.377971225:Accesdb.lligQuery(..)) ->SELECT idTask FROM abilities WHERE idWorker = 1
2024-05-28T09:40:57.392923412:Accesdb.lligQuery(..)) ->SELECT idTask FROM abilities WHERE idWorker = 2
2024-05-28T09:40:57.407920196:Accesdb.lligQuery(..)) ->SELECT idTask FROM abilities WHERE idWorker = 3
2024-05-28T09:40:57.422445210:Accesdb.lligQuery(..)) ->SELECT idTask FROM abilities WHERE idWorker = 4
2024-05-28T09:41:08.008581488:Accesdb.lligReg(SELECT idWorker, workerRol FROM worker WHERE userName='ADMIN' AND password='1234')
2024-05-28T09:42:53.888539417:Opened filelog queries.log
2024-05-28T09:42:54.260626168:Accesdb.lligtaula(weekTemplate) ->SELECT * FROM weekTemplate
2024-05-28T09:42:54.293249926:Accesdb.lligtaula(worker) ->SELECT * FROM worker
2024-05-28T09:42:54.316118759:Accesdb.lligtaula(odplanDDBB.rank) ->SELECT * FROM odplanDDBB.rank
2024-05-28T09:42:54.332822351:Accesdb.lligtaula(taskType) ->SELECT * FROM taskType
2024-05-28T09:42:54.349968483:Accesdb.lligtaula(section) ->SELECT * FROM section
2024-05-28T09:42:54.363571938:Accesdb.lligtaula(productType) ->SELECT * FROM productType
2024-05-28T09:42:54.377217204:Accesdb.lligtaula(productType) ->SELECT * FROM productType
2024-05-28T09:42:54.377456856:Accesdb.lligString(SELECT * FROM lastGeneratedDates ORDER BY lastDate DESC LIMIT 1;)
2024-05-28T09:42:54.389288124:Accesdb.lligReg(SELECT * FROM lastGeneratedDates ORDER BY lastDate DESC LIMIT 1;)
2024-05-28T09:42:54.400463416:Accesdb.lligReg(SELECT * FROM lastGeneratedDates ORDER BY lastDate DESC LIMIT 1;)
2024-05-28T09:42:54.447700071:Accesdb.lligQuery(..)) ->SELECT date, workTime FROM calendar WHERE idWorker=0
2024-05-28T09:42:54.479346776:Accesdb.lligQuery(..)) ->SELECT date, workTime FROM calendar WHERE idWorker=1
2024-05-28T09:42:54.500951900:Accesdb.lligQuery(..)) ->SELECT date, workTime FROM calendar WHERE idWorker=2
2024-05-28T09:42:54.520701722:Accesdb.lligQuery(..)) ->SELECT date, workTime FROM calendar WHERE idWorker=3
2024-05-28T09:42:54.537060609:Accesdb.lligQuery(..)) ->SELECT date, workTime FROM calendar WHERE idWorker=4
2024-05-28T09:42:54.551332942:Accesdb.lligQuery(..)) ->SELECT idTask FROM abilities WHERE idWorker = 0
2024-05-28T09:42:54.567055557:Accesdb.lligQuery(..)) ->SELECT idTask FROM abilities WHERE idWorker = 1
2024-05-28T09:42:54.578815670:Accesdb.lligQuery(..)) ->SELECT idTask FROM abilities WHERE idWorker = 2
2024-05-28T09:42:54.590196529:Accesdb.lligQuery(..)) ->SELECT idTask FROM abilities WHERE idWorker = 3
2024-05-28T09:42:54.601390136:Accesdb.lligQuery(..)) ->SELECT idTask FROM abilities WHERE idWorker = 4
2024-05-28T09:43:02.765351588:Accesdb.lligReg(SELECT idWorker, workerRol FROM worker WHERE userName='ADMIN' AND password='1234')
2024-05-28T09:43:54.577054313:Opened filelog queries.log
2024-05-28T09:43:54.956301759:Accesdb.lligtaula(weekTemplate) ->SELECT * FROM weekTemplate
2024-05-28T09:43:54.997990199:Accesdb.lligtaula(worker) ->SELECT * FROM worker
2024-05-28T09:43:55.019919198:Accesdb.lligtaula(odplanDDBB.rank) ->SELECT * FROM odplanDDBB.rank
2024-05-28T09:43:55.037195756:Accesdb.lligtaula(taskType) ->SELECT * FROM taskType
2024-05-28T09:43:55.054087268:Accesdb.lligtaula(section) ->SELECT * FROM section
2024-05-28T09:43:55.069523967:Accesdb.lligtaula(productType) ->SELECT * FROM productType
2024-05-28T09:43:55.085265264:Accesdb.lligtaula(productType) ->SELECT * FROM productType
2024-05-28T09:43:55.087570725:Accesdb.lligString(SELECT * FROM lastGeneratedDates ORDER BY lastDate DESC LIMIT 1;)
2024-05-28T09:43:55.105221920:Accesdb.lligReg(SELECT * FROM lastGeneratedDates ORDER BY lastDate DESC LIMIT 1;)
2024-05-28T09:43:55.121118358:Accesdb.lligReg(SELECT * FROM lastGeneratedDates ORDER BY lastDate DESC LIMIT 1;)
2024-05-28T09:43:55.164442584:Accesdb.lligQuery(..)) ->SELECT date, workTime FROM calendar WHERE idWorker=0
2024-05-28T09:43:55.208307020:Accesdb.lligQuery(..)) ->SELECT date, workTime FROM calendar WHERE idWorker=1
2024-05-28T09:43:55.237992015:Accesdb.lligQuery(..)) ->SELECT date, workTime FROM calendar WHERE idWorker=2
2024-05-28T09:43:55.260063729:Accesdb.lligQuery(..)) ->SELECT date, workTime FROM calendar WHERE idWorker=3
2024-05-28T09:43:55.281883652:Accesdb.lligQuery(..)) ->SELECT date, workTime FROM calendar WHERE idWorker=4
2024-05-28T09:43:55.294977641:Accesdb.lligQuery(..)) ->SELECT idTask FROM abilities WHERE idWorker = 0
2024-05-28T09:43:55.307900960:Accesdb.lligQuery(..)) ->SELECT idTask FROM abilities WHERE idWorker = 1
2024-05-28T09:43:55.319962634:Accesdb.lligQuery(..)) ->SELECT idTask FROM abilities WHERE idWorker = 2
2024-05-28T09:43:55.330609349:Accesdb.lligQuery(..)) ->SELECT idTask FROM abilities WHERE idWorker = 3
2024-05-28T09:43:55.340455709:Accesdb.lligQuery(..)) ->SELECT idTask FROM abilities WHERE idWorker = 4
2024-05-28T09:44:06.594375647:Accesdb.lligReg(SELECT idWorker, workerRol FROM worker WHERE userName='ADMIN' AND password='1234')
2024-05-28T09:45:00.425125985:Opened filelog queries.log
2024-05-28T09:45:00.812404138:Accesdb.lligtaula(weekTemplate) ->SELECT * FROM weekTemplate
2024-05-28T09:45:00.847713492:Accesdb.lligtaula(worker) ->SELECT * FROM worker
2024-05-28T09:45:00.870846032:Accesdb.lligtaula(odplanDDBB.rank) ->SELECT * FROM odplanDDBB.rank
2024-05-28T09:45:00.888742688:Accesdb.lligtaula(taskType) ->SELECT * FROM taskType
2024-05-28T09:45:00.908721791:Accesdb.lligtaula(section) ->SELECT * FROM section
2024-05-28T09:45:00.928022679:Accesdb.lligtaula(productType) ->SELECT * FROM productType
2024-05-28T09:45:00.942148723:Accesdb.lligtaula(productType) ->SELECT * FROM productType
2024-05-28T09:45:00.942385832:Accesdb.lligString(SELECT * FROM lastGeneratedDates ORDER BY lastDate DESC LIMIT 1;)
2024-05-28T09:45:00.956024476:Accesdb.lligReg(SELECT * FROM lastGeneratedDates ORDER BY lastDate DESC LIMIT 1;)
2024-05-28T09:45:00.968620037:Accesdb.lligReg(SELECT * FROM lastGeneratedDates ORDER BY lastDate DESC LIMIT 1;)
2024-05-28T09:45:01.015446591:Accesdb.lligQuery(..)) ->SELECT date, workTime FROM calendar WHERE idWorker=0
2024-05-28T09:45:01.060500347:Accesdb.lligQuery(..)) ->SELECT date, workTime FROM calendar WHERE idWorker=1
2024-05-28T09:45:01.087620268:Accesdb.lligQuery(..)) ->SELECT date, workTime FROM calendar WHERE idWorker=2
2024-05-28T09:45:01.107210835:Accesdb.lligQuery(..)) ->SELECT date, workTime FROM calendar WHERE idWorker=3
2024-05-28T09:45:01.125530663:Accesdb.lligQuery(..)) ->SELECT date, workTime FROM calendar WHERE idWorker=4
2024-05-28T09:45:01.141145915:Accesdb.lligQuery(..)) ->SELECT idTask FROM abilities WHERE idWorker = 0
2024-05-28T09:45:01.156361815:Accesdb.lligQuery(..)) ->SELECT idTask FROM abilities WHERE idWorker = 1
2024-05-28T09:45:01.168659687:Accesdb.lligQuery(..)) ->SELECT idTask FROM abilities WHERE idWorker = 2
2024-05-28T09:45:01.178705973:Accesdb.lligQuery(..)) ->SELECT idTask FROM abilities WHERE idWorker = 3
2024-05-28T09:45:01.189524763:Accesdb.lligQuery(..)) ->SELECT idTask FROM abilities WHERE idWorker = 4
2024-05-28T09:45:10.675040993:Accesdb.lligReg(SELECT idWorker, workerRol FROM worker WHERE userName='ADMIN' AND password='1234')
2024-05-28T10:56:26.007010997:Opened filelog queries.log
2024-05-28T10:56:26.343510976:Accesdb.lligtaula(weekTemplate) ->SELECT * FROM weekTemplate
2024-05-28T10:56:26.372545625:Accesdb.lligtaula(worker) ->SELECT * FROM worker
2024-05-28T10:56:26.391837584:Accesdb.lligtaula(odplanDDBB.rank) ->SELECT * FROM odplanDDBB.rank
2024-05-28T10:56:26.407567391:Accesdb.lligtaula(taskType) ->SELECT * FROM taskType
2024-05-28T10:56:26.421590740:Accesdb.lligtaula(section) ->SELECT * FROM section
2024-05-28T10:56:26.435908136:Accesdb.lligtaula(productType) ->SELECT * FROM productType
2024-05-28T10:56:26.449578810:Accesdb.lligtaula(productType) ->SELECT * FROM productType
2024-05-28T10:56:26.449893088:Accesdb.lligString(SELECT * FROM lastGeneratedDates ORDER BY lastDate DESC LIMIT 1;)
2024-05-28T10:56:26.463669390:Accesdb.lligReg(SELECT * FROM lastGeneratedDates ORDER BY lastDate DESC LIMIT 1;)
2024-05-28T10:56:26.475214024:Accesdb.lligReg(SELECT * FROM lastGeneratedDates ORDER BY lastDate DESC LIMIT 1;)
2024-05-28T10:56:26.526858433:Accesdb.lligQuery(..)) ->SELECT date, workTime FROM calendar WHERE idWorker=0
2024-05-28T10:56:26.567756286:Accesdb.lligQuery(..)) ->SELECT date, workTime FROM calendar WHERE idWorker=1
2024-05-28T10:56:26.593909495:Accesdb.lligQuery(..)) ->SELECT date, workTime FROM calendar WHERE idWorker=2
2024-05-28T10:56:26.612572767:Accesdb.lligQuery(..)) ->SELECT date, workTime FROM calendar WHERE idWorker=3
2024-05-28T10:56:26.626852038:Accesdb.lligQuery(..)) ->SELECT date, workTime FROM calendar WHERE idWorker=4
2024-05-28T10:56:26.638771163:Accesdb.lligQuery(..)) ->SELECT idTask FROM abilities WHERE idWorker = 0
2024-05-28T10:56:26.652285910:Accesdb.lligQuery(..)) ->SELECT idTask FROM abilities WHERE idWorker = 1
2024-05-28T10:56:26.663488952:Accesdb.lligQuery(..)) ->SELECT idTask FROM abilities WHERE idWorker = 2
2024-05-28T10:56:26.676082493:Accesdb.lligQuery(..)) ->SELECT idTask FROM abilities WHERE idWorker = 3
2024-05-28T10:56:26.688064645:Accesdb.lligQuery(..)) ->SELECT idTask FROM abilities WHERE idWorker = 4
2024-05-28T10:56:38.606234282:Accesdb.lligReg(SELECT idWorker, workerRol FROM worker WHERE userName='ADMIN' AND password='1234')
2024-05-28T10:56:55.134539671:INSERT INTO odplanDDBB.productType (idProductType,name,mainFolderPath,modelOf,type) VALUES (0,'Plafón Luminoso',null,null,'TYPE');
2024-05-28T10:56:55.146358885:Accesdb.agrega(..) INSERT INTO odplanDDBB.productType (idProductType,name,mainFolderPath,modelOf,type) VALUES (0,'Plafón Luminoso',null,null,'TYPE');
2024-05-28T11:00:01.816923288:INSERT INTO odplanDDBB.productType (idProductType,name,mainFolderPath,modelOf,type) VALUES (1,'Rotulación vehiculo vinilo',null,null,'TYPE');
2024-05-28T11:00:01.828919632:Accesdb.agrega(..) INSERT INTO odplanDDBB.productType (idProductType,name,mainFolderPath,modelOf,type) VALUES (1,'Rotulación vehiculo vinilo',null,null,'TYPE');
2024-05-28T11:01:59.856036043:INSERT INTO odplanDDBB.productType (idProductType,name,mainFolderPath,modelOf,type) VALUES (2,'Letra corpórea PVC',null,null,'TYPE');
2024-05-28T11:01:59.868811855:Accesdb.agrega(..) INSERT INTO odplanDDBB.productType (idProductType,name,mainFolderPath,modelOf,type) VALUES (2,'Letra corpórea PVC',null,null,'TYPE');
2024-05-28T11:06:16.134467465:Opened filelog queries.log
2024-05-28T11:06:16.704404962:Accesdb.lligtaula(weekTemplate) ->SELECT * FROM weekTemplate
2024-05-28T11:06:16.754249763:Accesdb.lligtaula(worker) ->SELECT * FROM worker
2024-05-28T11:06:16.784459386:Accesdb.lligtaula(odplanDDBB.rank) ->SELECT * FROM odplanDDBB.rank
2024-05-28T11:06:16.811426635:Accesdb.lligtaula(taskType) ->SELECT * FROM taskType
2024-05-28T11:06:16.839118703:Accesdb.lligtaula(section) ->SELECT * FROM section
2024-05-28T11:06:16.867305858:Accesdb.lligtaula(productType) ->SELECT * FROM productType
2024-05-28T11:06:16.884272742:Accesdb.lligtaula(productType) ->SELECT * FROM productType
2024-05-28T11:06:16.884529959:Accesdb.lligString(SELECT * FROM lastGeneratedDates ORDER BY lastDate DESC LIMIT 1;)
2024-05-28T11:06:16.899539985:Accesdb.lligReg(SELECT * FROM lastGeneratedDates ORDER BY lastDate DESC LIMIT 1;)
2024-05-28T11:06:16.915262867:Accesdb.lligReg(SELECT * FROM lastGeneratedDates ORDER BY lastDate DESC LIMIT 1;)
2024-05-28T11:06:16.962113316:Accesdb.lligQuery(..)) ->SELECT date, workTime FROM calendar WHERE idWorker=0
2024-05-28T11:06:17.000322636:Accesdb.lligQuery(..)) ->SELECT date, workTime FROM calendar WHERE idWorker=1
2024-05-28T11:06:17.031761032:Accesdb.lligQuery(..)) ->SELECT date, workTime FROM calendar WHERE idWorker=2
2024-05-28T11:06:17.055218592:Accesdb.lligQuery(..)) ->SELECT date, workTime FROM calendar WHERE idWorker=3
2024-05-28T11:06:17.078154086:Accesdb.lligQuery(..)) ->SELECT date, workTime FROM calendar WHERE idWorker=4
2024-05-28T11:06:17.098198844:Accesdb.lligQuery(..)) ->SELECT idTask FROM abilities WHERE idWorker = 0
2024-05-28T11:06:17.116259228:Accesdb.lligQuery(..)) ->SELECT idTask FROM abilities WHERE idWorker = 1
2024-05-28T11:06:17.132836925:Accesdb.lligQuery(..)) ->SELECT idTask FROM abilities WHERE idWorker = 2
2024-05-28T11:06:17.146999151:Accesdb.lligQuery(..)) ->SELECT idTask FROM abilities WHERE idWorker = 3
2024-05-28T11:06:17.158287738:Accesdb.lligQuery(..)) ->SELECT idTask FROM abilities WHERE idWorker = 4
2024-05-28T11:06:25.223695382:Accesdb.lligReg(SELECT idWorker, workerRol FROM worker WHERE userName='ADMIN' AND password='1234')
2024-05-28T11:21:22.121074539:Opened filelog queries.log
2024-05-28T11:21:22.452964636:Accesdb.lligtaula(weekTemplate) ->SELECT * FROM weekTemplate
2024-05-28T11:21:22.481811679:Accesdb.lligtaula(worker) ->SELECT * FROM worker
2024-05-28T11:21:22.501587449:Accesdb.lligtaula(odplanDDBB.rank) ->SELECT * FROM odplanDDBB.rank
2024-05-28T11:21:22.516589934:Accesdb.lligtaula(taskType) ->SELECT * FROM taskType
2024-05-28T11:21:22.531129028:Accesdb.lligtaula(section) ->SELECT * FROM section
2024-05-28T11:21:22.546067901:Accesdb.lligtaula(productType) ->SELECT * FROM productType
2024-05-28T11:21:22.559976147:Accesdb.lligtaula(productType) ->SELECT * FROM productType
2024-05-28T11:21:22.560201355:Accesdb.lligString(SELECT * FROM lastGeneratedDates ORDER BY lastDate DESC LIMIT 1;)
2024-05-28T11:21:22.572601412:Accesdb.lligReg(SELECT * FROM lastGeneratedDates ORDER BY lastDate DESC LIMIT 1;)
2024-05-28T11:21:22.585333376:Accesdb.lligReg(SELECT * FROM lastGeneratedDates ORDER BY lastDate DESC LIMIT 1;)
2024-05-28T11:21:22.635347929:Accesdb.lligQuery(..)) ->SELECT date, workTime FROM calendar WHERE idWorker=0
2024-05-28T11:21:22.669278951:Accesdb.lligQuery(..)) ->SELECT date, workTime FROM calendar WHERE idWorker=1
2024-05-28T11:21:22.687938845:Accesdb.lligQuery(..)) ->SELECT date, workTime FROM calendar WHERE idWorker=2
2024-05-28T11:21:22.703383730:Accesdb.lligQuery(..)) ->SELECT date, workTime FROM calendar WHERE idWorker=3
2024-05-28T11:21:22.722261338:Accesdb.lligQuery(..)) ->SELECT date, workTime FROM calendar WHERE idWorker=4
2024-05-28T11:21:22.736169212:Accesdb.lligQuery(..)) ->SELECT idTask FROM abilities WHERE idWorker = 0
2024-05-28T11:21:22.747759670:Accesdb.lligQuery(..)) ->SELECT idTask FROM abilities WHERE idWorker = 1
2024-05-28T11:21:22.761300873:Accesdb.lligQuery(..)) ->SELECT idTask FROM abilities WHERE idWorker = 2
2024-05-28T11:21:22.776094426:Accesdb.lligQuery(..)) ->SELECT idTask FROM abilities WHERE idWorker = 3
2024-05-28T11:21:22.790766204:Accesdb.lligQuery(..)) ->SELECT idTask FROM abilities WHERE idWorker = 4
2024-05-28T11:52:26.775035602:Opened filelog queries.log
2024-05-28T11:52:27.191954673:Accesdb.lligtaula(weekTemplate) ->SELECT * FROM weekTemplate
2024-05-28T11:52:27.226490791:Accesdb.lligtaula(worker) ->SELECT * FROM worker
2024-05-28T11:52:27.249252227:Accesdb.lligtaula(odplanDDBB.rank) ->SELECT * FROM odplanDDBB.rank
2024-05-28T11:52:27.268221681:Accesdb.lligtaula(taskType) ->SELECT * FROM taskType
2024-05-28T11:52:27.286408603:Accesdb.lligtaula(section) ->SELECT * FROM section
2024-05-28T11:52:27.303000204:Accesdb.lligtaula(productType) ->SELECT * FROM productType
2024-05-28T11:52:27.316750071:Accesdb.lligtaula(productType) ->SELECT * FROM productType
2024-05-28T11:52:27.317025507:Accesdb.lligString(SELECT * FROM lastGeneratedDates ORDER BY lastDate DESC LIMIT 1;)
2024-05-28T11:52:27.328730318:Accesdb.lligReg(SELECT * FROM lastGeneratedDates ORDER BY lastDate DESC LIMIT 1;)
2024-05-28T11:52:27.340280891:Accesdb.lligReg(SELECT * FROM lastGeneratedDates ORDER BY lastDate DESC LIMIT 1;)
2024-05-28T11:52:27.393457374:Accesdb.lligQuery(..)) ->SELECT date, workTime FROM calendar WHERE idWorker=0
2024-05-28T11:52:27.431421118:Accesdb.lligQuery(..)) ->SELECT date, workTime FROM calendar WHERE idWorker=1
2024-05-28T11:52:27.452722896:Accesdb.lligQuery(..)) ->SELECT date, workTime FROM calendar WHERE idWorker=2
2024-05-28T11:52:27.472871310:Accesdb.lligQuery(..)) ->SELECT date, workTime FROM calendar WHERE idWorker=3
2024-05-28T11:52:27.488763919:Accesdb.lligQuery(..)) ->SELECT date, workTime FROM calendar WHERE idWorker=4
2024-05-28T11:52:27.503897019:Accesdb.lligQuery(..)) ->SELECT idTask FROM abilities WHERE idWorker = 0
2024-05-28T11:52:27.516493920:Accesdb.lligQuery(..)) ->SELECT idTask FROM abilities WHERE idWorker = 1
2024-05-28T11:52:27.529842738:Accesdb.lligQuery(..)) ->SELECT idTask FROM abilities WHERE idWorker = 2
2024-05-28T11:52:27.541999935:Accesdb.lligQuery(..)) ->SELECT idTask FROM abilities WHERE idWorker = 3
2024-05-28T11:52:27.552435705:Accesdb.lligQuery(..)) ->SELECT idTask FROM abilities WHERE idWorker = 4
2024-05-28T11:52:35.779650736:Accesdb.lligReg(SELECT idWorker, workerRol FROM worker WHERE userName='ADMIN' AND password='1234')
2024-05-28T11:55:55.573103530:Opened filelog queries.log
2024-05-28T11:55:55.936828171:Accesdb.lligtaula(weekTemplate) ->SELECT * FROM weekTemplate
2024-05-28T11:55:55.971172426:Accesdb.lligtaula(worker) ->SELECT * FROM worker
2024-05-28T11:55:55.996851256:Accesdb.lligtaula(odplanDDBB.rank) ->SELECT * FROM odplanDDBB.rank
2024-05-28T11:55:56.011783866:Accesdb.lligtaula(taskType) ->SELECT * FROM taskType
2024-05-28T11:55:56.028717971:Accesdb.lligtaula(section) ->SELECT * FROM section
2024-05-28T11:55:56.046628956:Accesdb.lligtaula(productType) ->SELECT * FROM productType
2024-05-28T11:55:56.060048885:Accesdb.lligtaula(productType) ->SELECT * FROM productType
2024-05-28T11:55:56.060308734:Accesdb.lligString(SELECT * FROM lastGeneratedDates ORDER BY lastDate DESC LIMIT 1;)
2024-05-28T11:55:56.072709564:Accesdb.lligReg(SELECT * FROM lastGeneratedDates ORDER BY lastDate DESC LIMIT 1;)
2024-05-28T11:55:56.084118887:Accesdb.lligReg(SELECT * FROM lastGeneratedDates ORDER BY lastDate DESC LIMIT 1;)
2024-05-28T11:55:56.141108326:Accesdb.lligQuery(..)) ->SELECT date, workTime FROM calendar WHERE idWorker=0
2024-05-28T11:55:56.181313025:Accesdb.lligQuery(..)) ->SELECT date, workTime FROM calendar WHERE idWorker=1
2024-05-28T11:55:56.204090902:Accesdb.lligQuery(..)) ->SELECT date, workTime FROM calendar WHERE idWorker=2
2024-05-28T11:55:56.226552235:Accesdb.lligQuery(..)) ->SELECT date, workTime FROM calendar WHERE idWorker=3
2024-05-28T11:55:56.244378895:Accesdb.lligQuery(..)) ->SELECT date, workTime FROM calendar WHERE idWorker=4
2024-05-28T11:55:56.260614799:Accesdb.lligQuery(..)) ->SELECT idTask FROM abilities WHERE idWorker = 0
2024-05-28T11:55:56.273550640:Accesdb.lligQuery(..)) ->SELECT idTask FROM abilities WHERE idWorker = 1
2024-05-28T11:55:56.287765123:Accesdb.lligQuery(..)) ->SELECT idTask FROM abilities WHERE idWorker = 2
2024-05-28T11:55:56.303006201:Accesdb.lligQuery(..)) ->SELECT idTask FROM abilities WHERE idWorker = 3
2024-05-28T11:55:56.318282280:Accesdb.lligQuery(..)) ->SELECT idTask FROM abilities WHERE idWorker = 4
2024-05-28T11:56:07.934703142:Accesdb.lligReg(SELECT idWorker, workerRol FROM worker WHERE userName='ADMIN' AND password='1234')
2024-05-28T11:58:46.631102988:Opened filelog queries.log
2024-05-28T11:58:47.018105194:Accesdb.lligtaula(weekTemplate) ->SELECT * FROM weekTemplate
2024-05-28T11:58:47.048755473:Accesdb.lligtaula(worker) ->SELECT * FROM worker
2024-05-28T11:58:47.068415156:Accesdb.lligtaula(odplanDDBB.rank) ->SELECT * FROM odplanDDBB.rank
2024-05-28T11:58:47.083715027:Accesdb.lligtaula(taskType) ->SELECT * FROM taskType
2024-05-28T11:58:47.099039399:Accesdb.lligtaula(section) ->SELECT * FROM section
2024-05-28T11:58:47.114081106:Accesdb.lligtaula(productType) ->SELECT * FROM productType
2024-05-28T11:58:47.127280639:Accesdb.lligtaula(productType) ->SELECT * FROM productType
2024-05-28T11:58:47.127544448:Accesdb.lligString(SELECT * FROM lastGeneratedDates ORDER BY lastDate DESC LIMIT 1;)
2024-05-28T11:58:47.139906008:Accesdb.lligReg(SELECT * FROM lastGeneratedDates ORDER BY lastDate DESC LIMIT 1;)
2024-05-28T11:58:47.151523603:Accesdb.lligReg(SELECT * FROM lastGeneratedDates ORDER BY lastDate DESC LIMIT 1;)
2024-05-28T11:58:47.198673440:Accesdb.lligQuery(..)) ->SELECT date, workTime FROM calendar WHERE idWorker=0
2024-05-28T11:58:47.235175585:Accesdb.lligQuery(..)) ->SELECT date, workTime FROM calendar WHERE idWorker=1
2024-05-28T11:58:47.254368374:Accesdb.lligQuery(..)) ->SELECT date, workTime FROM calendar WHERE idWorker=2
2024-05-28T11:58:47.269774456:Accesdb.lligQuery(..)) ->SELECT date, workTime FROM calendar WHERE idWorker=3
2024-05-28T11:58:47.284168363:Accesdb.lligQuery(..)) ->SELECT date, workTime FROM calendar WHERE idWorker=4
2024-05-28T11:58:47.297047973:Accesdb.lligQuery(..)) ->SELECT idTask FROM abilities WHERE idWorker = 0
2024-05-28T11:58:47.312151119:Accesdb.lligQuery(..)) ->SELECT idTask FROM abilities WHERE idWorker = 1
2024-05-28T11:58:47.325529551:Accesdb.lligQuery(..)) ->SELECT idTask FROM abilities WHERE idWorker = 2
2024-05-28T11:58:47.339170600:Accesdb.lligQuery(..)) ->SELECT idTask FROM abilities WHERE idWorker = 3
2024-05-28T11:58:47.352778216:Accesdb.lligQuery(..)) ->SELECT idTask FROM abilities WHERE idWorker = 4
2024-05-28T11:58:58.361360250:Accesdb.lligReg(SELECT idWorker, workerRol FROM worker WHERE userName='ADMIN' AND password='1234')
2024-05-28T11:59:43.322299130:Opened filelog queries.log
2024-05-28T11:59:43.718771721:Accesdb.lligtaula(weekTemplate) ->SELECT * FROM weekTemplate
2024-05-28T11:59:43.753184127:Accesdb.lligtaula(worker) ->SELECT * FROM worker
2024-05-28T11:59:43.774961817:Accesdb.lligtaula(odplanDDBB.rank) ->SELECT * FROM odplanDDBB.rank
2024-05-28T11:59:43.791754595:Accesdb.lligtaula(taskType) ->SELECT * FROM taskType
2024-05-28T11:59:43.807786823:Accesdb.lligtaula(section) ->SELECT * FROM section
2024-05-28T11:59:43.823008560:Accesdb.lligtaula(productType) ->SELECT * FROM productType
2024-05-28T11:59:43.835487935:Accesdb.lligtaula(productType) ->SELECT * FROM productType
2024-05-28T11:59:43.835748491:Accesdb.lligString(SELECT * FROM lastGeneratedDates ORDER BY lastDate DESC LIMIT 1;)
2024-05-28T11:59:43.849716050:Accesdb.lligReg(SELECT * FROM lastGeneratedDates ORDER BY lastDate DESC LIMIT 1;)
2024-05-28T11:59:43.865568607:Accesdb.lligReg(SELECT * FROM lastGeneratedDates ORDER BY lastDate DESC LIMIT 1;)
2024-05-28T11:59:43.914862291:Accesdb.lligQuery(..)) ->SELECT date, workTime FROM calendar WHERE idWorker=0
2024-05-28T11:59:43.954013280:Accesdb.lligQuery(..)) ->SELECT date, workTime FROM calendar WHERE idWorker=1
2024-05-28T11:59:43.972587746:Accesdb.lligQuery(..)) ->SELECT date, workTime FROM calendar WHERE idWorker=2
2024-05-28T11:59:43.987874156:Accesdb.lligQuery(..)) ->SELECT date, workTime FROM calendar WHERE idWorker=3
2024-05-28T11:59:44.002845190:Accesdb.lligQuery(..)) ->SELECT date, workTime FROM calendar WHERE idWorker=4
2024-05-28T11:59:44.014336331:Accesdb.lligQuery(..)) ->SELECT idTask FROM abilities WHERE idWorker = 0
2024-05-28T11:59:44.025389449:Accesdb.lligQuery(..)) ->SELECT idTask FROM abilities WHERE idWorker = 1
2024-05-28T11:59:44.035629788:Accesdb.lligQuery(..)) ->SELECT idTask FROM abilities WHERE idWorker = 2
2024-05-28T11:59:44.046686365:Accesdb.lligQuery(..)) ->SELECT idTask FROM abilities WHERE idWorker = 3
2024-05-28T11:59:44.057020630:Accesdb.lligQuery(..)) ->SELECT idTask FROM abilities WHERE idWorker = 4
2024-05-28T11:59:58.905711730:Accesdb.lligReg(SELECT idWorker, workerRol FROM worker WHERE userName='ADMIN' AND password='1234')
2024-05-28T12:20:33.014968562:Opened filelog queries.log
2024-05-28T12:20:33.376437493:Accesdb.lligtaula(weekTemplate) ->SELECT * FROM weekTemplate
2024-05-28T12:20:33.405320930:Accesdb.lligtaula(worker) ->SELECT * FROM worker
2024-05-28T12:20:33.423842133:Accesdb.lligtaula(odplanDDBB.rank) ->SELECT * FROM odplanDDBB.rank
2024-05-28T12:20:33.439259048:Accesdb.lligtaula(taskType) ->SELECT * FROM taskType
2024-05-28T12:20:33.459787234:Accesdb.lligtaula(section) ->SELECT * FROM section
2024-05-28T12:20:33.479861688:Accesdb.lligtaula(productType) ->SELECT * FROM productType
2024-05-28T12:20:33.493276585:Accesdb.lligtaula(productType) ->SELECT * FROM productType
2024-05-28T12:20:33.493533231:Accesdb.lligString(SELECT * FROM lastGeneratedDates ORDER BY lastDate DESC LIMIT 1;)
2024-05-28T12:20:33.506786990:Accesdb.lligReg(SELECT * FROM lastGeneratedDates ORDER BY lastDate DESC LIMIT 1;)
2024-05-28T12:20:33.519022559:Accesdb.lligReg(SELECT * FROM lastGeneratedDates ORDER BY lastDate DESC LIMIT 1;)
2024-05-28T12:20:33.567931989:Accesdb.lligQuery(..)) ->SELECT date, workTime FROM calendar WHERE idWorker=0
2024-05-28T12:20:33.608417623:Accesdb.lligQuery(..)) ->SELECT date, workTime FROM calendar WHERE idWorker=1
2024-05-28T12:20:33.630150671:Accesdb.lligQuery(..)) ->SELECT date, workTime FROM calendar WHERE idWorker=2
2024-05-28T12:20:33.647364520:Accesdb.lligQuery(..)) ->SELECT date, workTime FROM calendar WHERE idWorker=3
2024-05-28T12:20:33.660045801:Accesdb.lligQuery(..)) ->SELECT date, workTime FROM calendar WHERE idWorker=4
2024-05-28T12:20:33.671441462:Accesdb.lligQuery(..)) ->SELECT idTask FROM abilities WHERE idWorker = 0
2024-05-28T12:20:33.682674836:Accesdb.lligQuery(..)) ->SELECT idTask FROM abilities WHERE idWorker = 1
2024-05-28T12:20:33.692523593:Accesdb.lligQuery(..)) ->SELECT idTask FROM abilities WHERE idWorker = 2
2024-05-28T12:20:33.702878237:Accesdb.lligQuery(..)) ->SELECT idTask FROM abilities WHERE idWorker = 3
2024-05-28T12:20:33.713236605:Accesdb.lligQuery(..)) ->SELECT idTask FROM abilities WHERE idWorker = 4
2024-05-28T12:20:41.581334276:Accesdb.lligReg(SELECT idWorker, workerRol FROM worker WHERE userName='ADMIN' AND password='1234')
2024-05-28T12:31:08.758747687:Opened filelog queries.log
2024-05-28T12:31:09.195989382:Accesdb.lligtaula(weekTemplate) ->SELECT * FROM weekTemplate
2024-05-28T12:31:09.228857050:Accesdb.lligtaula(worker) ->SELECT * FROM worker
2024-05-28T12:31:09.249297939:Accesdb.lligtaula(odplanDDBB.rank) ->SELECT * FROM odplanDDBB.rank
2024-05-28T12:31:09.269910177:Accesdb.lligtaula(taskType) ->SELECT * FROM taskType
2024-05-28T12:31:09.301020351:Accesdb.lligtaula(section) ->SELECT * FROM section
2024-05-28T12:31:09.333041586:Accesdb.lligtaula(productType) ->SELECT * FROM productType
2024-05-28T12:31:09.361481216:Accesdb.lligtaula(productType) ->SELECT * FROM productType
2024-05-28T12:31:09.361847186:Accesdb.lligString(SELECT * FROM lastGeneratedDates ORDER BY lastDate DESC LIMIT 1;)
2024-05-28T12:31:09.386251644:Accesdb.lligReg(SELECT * FROM lastGeneratedDates ORDER BY lastDate DESC LIMIT 1;)
2024-05-28T12:31:09.399527927:Accesdb.lligReg(SELECT * FROM lastGeneratedDates ORDER BY lastDate DESC LIMIT 1;)
2024-05-28T12:31:09.453001806:Accesdb.lligQuery(..)) ->SELECT date, workTime FROM calendar WHERE idWorker=0
2024-05-28T12:31:09.493630369:Accesdb.lligQuery(..)) ->SELECT date, workTime FROM calendar WHERE idWorker=1
2024-05-28T12:31:09.519269244:Accesdb.lligQuery(..)) ->SELECT date, workTime FROM calendar WHERE idWorker=2
2024-05-28T12:31:09.535082818:Accesdb.lligQuery(..)) ->SELECT date, workTime FROM calendar WHERE idWorker=3
2024-05-28T12:31:09.550159467:Accesdb.lligQuery(..)) ->SELECT date, workTime FROM calendar WHERE idWorker=4
2024-05-28T12:31:09.562139581:Accesdb.lligQuery(..)) ->SELECT idTask FROM abilities WHERE idWorker = 0
2024-05-28T12:31:09.573302274:Accesdb.lligQuery(..)) ->SELECT idTask FROM abilities WHERE idWorker = 1
2024-05-28T12:31:09.584295304:Accesdb.lligQuery(..)) ->SELECT idTask FROM abilities WHERE idWorker = 2
2024-05-28T12:31:09.594787341:Accesdb.lligQuery(..)) ->SELECT idTask FROM abilities WHERE idWorker = 3
2024-05-28T12:31:09.605143778:Accesdb.lligQuery(..)) ->SELECT idTask FROM abilities WHERE idWorker = 4
2024-05-28T12:32:07.549211906:Opened filelog queries.log
2024-05-28T12:32:07.907330718:Accesdb.lligtaula(weekTemplate) ->SELECT * FROM weekTemplate
2024-05-28T12:32:07.937374145:Accesdb.lligtaula(worker) ->SELECT * FROM worker
2024-05-28T12:32:07.957964018:Accesdb.lligtaula(odplanDDBB.rank) ->SELECT * FROM odplanDDBB.rank
2024-05-28T12:32:07.973554989:Accesdb.lligtaula(taskType) ->SELECT * FROM taskType
2024-05-28T12:32:07.988558735:Accesdb.lligtaula(section) ->SELECT * FROM section
2024-05-28T12:32:08.002444937:Accesdb.lligtaula(productType) ->SELECT * FROM productType
2024-05-28T12:32:08.015854304:Accesdb.lligtaula(productType) ->SELECT * FROM productType
2024-05-28T12:32:08.016124244:Accesdb.lligString(SELECT * FROM lastGeneratedDates ORDER BY lastDate DESC LIMIT 1;)
2024-05-28T12:32:08.030840971:Accesdb.lligReg(SELECT * FROM lastGeneratedDates ORDER BY lastDate DESC LIMIT 1;)
2024-05-28T12:32:08.045102729:Accesdb.lligReg(SELECT * FROM lastGeneratedDates ORDER BY lastDate DESC LIMIT 1;)
2024-05-28T12:32:08.092212798:Accesdb.lligQuery(..)) ->SELECT date, workTime FROM calendar WHERE idWorker=0
2024-05-28T12:32:08.128394865:Accesdb.lligQuery(..)) ->SELECT date, workTime FROM calendar WHERE idWorker=1
2024-05-28T12:32:08.150181010:Accesdb.lligQuery(..)) ->SELECT date, workTime FROM calendar WHERE idWorker=2
2024-05-28T12:32:08.167136238:Accesdb.lligQuery(..)) ->SELECT date, workTime FROM calendar WHERE idWorker=3
2024-05-28T12:32:08.185737232:Accesdb.lligQuery(..)) ->SELECT date, workTime FROM calendar WHERE idWorker=4
2024-05-28T12:32:08.200048307:Accesdb.lligQuery(..)) ->SELECT idTask FROM abilities WHERE idWorker = 0
2024-05-28T12:32:08.214809552:Accesdb.lligQuery(..)) ->SELECT idTask FROM abilities WHERE idWorker = 1
2024-05-28T12:32:08.224793674:Accesdb.lligQuery(..)) ->SELECT idTask FROM abilities WHERE idWorker = 2
2024-05-28T12:32:08.234550359:Accesdb.lligQuery(..)) ->SELECT idTask FROM abilities WHERE idWorker = 3
2024-05-28T12:32:08.244277951:Accesdb.lligQuery(..)) ->SELECT idTask FROM abilities WHERE idWorker = 4
2024-05-28T12:32:16.249558913:Accesdb.lligReg(SELECT idWorker, workerRol FROM worker WHERE userName='ADMIN' AND password='1234')
2024-05-28T12:59:06.948146370:Opened filelog queries.log
2024-05-28T12:59:07.331964174:Accesdb.lligtaula(weekTemplate) ->SELECT * FROM weekTemplate
2024-05-28T12:59:07.368227311:Accesdb.lligtaula(worker) ->SELECT * FROM worker
2024-05-28T12:59:07.393469752:Accesdb.lligtaula(odplanDDBB.rank) ->SELECT * FROM odplanDDBB.rank
2024-05-28T12:59:07.410203911:Accesdb.lligtaula(taskType) ->SELECT * FROM taskType
2024-05-28T12:59:07.429040467:Accesdb.lligtaula(section) ->SELECT * FROM section
2024-05-28T12:59:07.466452121:Accesdb.lligtaula(productType) ->SELECT * FROM productType
2024-05-28T12:59:07.513125278:Accesdb.lligtaula(productType) ->SELECT * FROM productType
2024-05-28T12:59:07.513425114:Accesdb.lligString(SELECT * FROM lastGeneratedDates ORDER BY lastDate DESC LIMIT 1;)
2024-05-28T12:59:07.534342475:Accesdb.lligReg(SELECT * FROM lastGeneratedDates ORDER BY lastDate DESC LIMIT 1;)
2024-05-28T12:59:07.553391169:Accesdb.lligReg(SELECT * FROM lastGeneratedDates ORDER BY lastDate DESC LIMIT 1;)
2024-05-28T12:59:07.609676231:Accesdb.lligQuery(..)) ->SELECT date, workTime FROM calendar WHERE idWorker=0
2024-05-28T12:59:07.653970900:Accesdb.lligQuery(..)) ->SELECT date, workTime FROM calendar WHERE idWorker=1
2024-05-28T12:59:07.680177977:Accesdb.lligQuery(..)) ->SELECT date, workTime FROM calendar WHERE idWorker=2
2024-05-28T12:59:07.703728044:Accesdb.lligQuery(..)) ->SELECT date, workTime FROM calendar WHERE idWorker=3
2024-05-28T12:59:07.725483929:Accesdb.lligQuery(..)) ->SELECT date, workTime FROM calendar WHERE idWorker=4
2024-05-28T12:59:07.743394253:Accesdb.lligQuery(..)) ->SELECT idTask FROM abilities WHERE idWorker = 0
2024-05-28T12:59:07.757555293:Accesdb.lligQuery(..)) ->SELECT idTask FROM abilities WHERE idWorker = 1
2024-05-28T12:59:07.771545673:Accesdb.lligQuery(..)) ->SELECT idTask FROM abilities WHERE idWorker = 2
2024-05-28T12:59:07.786525922:Accesdb.lligQuery(..)) ->SELECT idTask FROM abilities WHERE idWorker = 3
2024-05-28T12:59:07.799905515:Accesdb.lligQuery(..)) ->SELECT idTask FROM abilities WHERE idWorker = 4
2024-05-28T12:59:22.872996804:Accesdb.lligReg(SELECT idWorker, workerRol FROM worker WHERE userName='ADMIN' AND password='1234')
2024-05-28T13:00:22.276037274:Opened filelog queries.log
2024-05-28T13:00:22.752669348:Accesdb.lligtaula(weekTemplate) ->SELECT * FROM weekTemplate
2024-05-28T13:00:22.791677959:Accesdb.lligtaula(worker) ->SELECT * FROM worker
2024-05-28T13:00:22.811904014:Accesdb.lligtaula(odplanDDBB.rank) ->SELECT * FROM odplanDDBB.rank
2024-05-28T13:00:22.827354438:Accesdb.lligtaula(taskType) ->SELECT * FROM taskType
2024-05-28T13:00:22.843838638:Accesdb.lligtaula(section) ->SELECT * FROM section
2024-05-28T13:00:22.858947052:Accesdb.lligtaula(productType) ->SELECT * FROM productType
2024-05-28T13:00:22.872701374:Accesdb.lligtaula(productType) ->SELECT * FROM productType
2024-05-28T13:00:22.872964114:Accesdb.lligString(SELECT * FROM lastGeneratedDates ORDER BY lastDate DESC LIMIT 1;)
2024-05-28T13:00:22.884644967:Accesdb.lligReg(SELECT * FROM lastGeneratedDates ORDER BY lastDate DESC LIMIT 1;)
2024-05-28T13:00:22.895735199:Accesdb.lligReg(SELECT * FROM lastGeneratedDates ORDER BY lastDate DESC LIMIT 1;)
2024-05-28T13:00:22.944552341:Accesdb.lligQuery(..)) ->SELECT date, workTime FROM calendar WHERE idWorker=0
2024-05-28T13:00:22.973906925:Accesdb.lligQuery(..)) ->SELECT date, workTime FROM calendar WHERE idWorker=1
2024-05-28T13:00:22.992564803:Accesdb.lligQuery(..)) ->SELECT date, workTime FROM calendar WHERE idWorker=2
2024-05-28T13:00:23.008774881:Accesdb.lligQuery(..)) ->SELECT date, workTime FROM calendar WHERE idWorker=3
2024-05-28T13:00:23.025485065:Accesdb.lligQuery(..)) ->SELECT date, workTime FROM calendar WHERE idWorker=4
2024-05-28T13:00:23.038078547:Accesdb.lligQuery(..)) ->SELECT idTask FROM abilities WHERE idWorker = 0
2024-05-28T13:00:23.049104538:Accesdb.lligQuery(..)) ->SELECT idTask FROM abilities WHERE idWorker = 1
2024-05-28T13:00:23.060302586:Accesdb.lligQuery(..)) ->SELECT idTask FROM abilities WHERE idWorker = 2
2024-05-28T13:00:23.071081887:Accesdb.lligQuery(..)) ->SELECT idTask FROM abilities WHERE idWorker = 3
2024-05-28T13:00:23.081348830:Accesdb.lligQuery(..)) ->SELECT idTask FROM abilities WHERE idWorker = 4
2024-05-28T13:00:34.591590415:Accesdb.lligReg(SELECT idWorker, workerRol FROM worker WHERE userName='admin' AND password='1234')
2024-05-28T13:02:08.303648991:Opened filelog queries.log
2024-05-28T13:02:08.716130198:Accesdb.lligtaula(weekTemplate) ->SELECT * FROM weekTemplate
2024-05-28T13:02:08.758378223:Accesdb.lligtaula(worker) ->SELECT * FROM worker
2024-05-28T13:02:08.792287157:Accesdb.lligtaula(odplanDDBB.rank) ->SELECT * FROM odplanDDBB.rank
2024-05-28T13:02:08.808426532:Accesdb.lligtaula(taskType) ->SELECT * FROM taskType
2024-05-28T13:02:08.826679498:Accesdb.lligtaula(section) ->SELECT * FROM section
2024-05-28T13:02:08.847661088:Accesdb.lligtaula(productType) ->SELECT * FROM productType
2024-05-28T13:02:08.862155582:Accesdb.lligtaula(productType) ->SELECT * FROM productType
2024-05-28T13:02:08.862388249:Accesdb.lligString(SELECT * FROM lastGeneratedDates ORDER BY lastDate DESC LIMIT 1;)
2024-05-28T13:02:08.873714158:Accesdb.lligReg(SELECT * FROM lastGeneratedDates ORDER BY lastDate DESC LIMIT 1;)
2024-05-28T13:02:08.885971477:Accesdb.lligReg(SELECT * FROM lastGeneratedDates ORDER BY lastDate DESC LIMIT 1;)
2024-05-28T13:02:08.934208553:Accesdb.lligQuery(..)) ->SELECT date, workTime FROM calendar WHERE idWorker=0
2024-05-28T13:02:08.973450870:Accesdb.lligQuery(..)) ->SELECT date, workTime FROM calendar WHERE idWorker=1
2024-05-28T13:02:09.002851680:Accesdb.lligQuery(..)) ->SELECT date, workTime FROM calendar WHERE idWorker=2
2024-05-28T13:02:09.030121649:Accesdb.lligQuery(..)) ->SELECT date, workTime FROM calendar WHERE idWorker=3
2024-05-28T13:02:09.052240243:Accesdb.lligQuery(..)) ->SELECT date, workTime FROM calendar WHERE idWorker=4
2024-05-28T13:02:09.069913467:Accesdb.lligQuery(..)) ->SELECT idTask FROM abilities WHERE idWorker = 0
2024-05-28T13:02:09.087973062:Accesdb.lligQuery(..)) ->SELECT idTask FROM abilities WHERE idWorker = 1
2024-05-28T13:02:09.104283749:Accesdb.lligQuery(..)) ->SELECT idTask FROM abilities WHERE idWorker = 2
2024-05-28T13:02:09.121146261:Accesdb.lligQuery(..)) ->SELECT idTask FROM abilities WHERE idWorker = 3
2024-05-28T13:02:09.137372745:Accesdb.lligQuery(..)) ->SELECT idTask FROM abilities WHERE idWorker = 4
2024-05-28T13:02:20.194296390:Accesdb.lligReg(SELECT idWorker, workerRol FROM worker WHERE userName='ADMIN' AND password='1234')
2024-05-28T13:04:53.497496680:Opened filelog queries.log
2024-05-28T13:04:53.880459836:Accesdb.lligtaula(weekTemplate) ->SELECT * FROM weekTemplate
2024-05-28T13:04:53.911326967:Accesdb.lligtaula(worker) ->SELECT * FROM worker
2024-05-28T13:04:53.931068025:Accesdb.lligtaula(odplanDDBB.rank) ->SELECT * FROM odplanDDBB.rank
2024-05-28T13:04:53.946369755:Accesdb.lligtaula(taskType) ->SELECT * FROM taskType
2024-05-28T13:04:53.961321863:Accesdb.lligtaula(section) ->SELECT * FROM section
2024-05-28T13:04:53.976462015:Accesdb.lligtaula(productType) ->SELECT * FROM productType
2024-05-28T13:04:53.993205526:Accesdb.lligtaula(productType) ->SELECT * FROM productType
2024-05-28T13:04:53.993541639:Accesdb.lligString(SELECT * FROM lastGeneratedDates ORDER BY lastDate DESC LIMIT 1;)
2024-05-28T13:04:54.010675408:Accesdb.lligReg(SELECT * FROM lastGeneratedDates ORDER BY lastDate DESC LIMIT 1;)
2024-05-28T13:04:54.025886457:Accesdb.lligReg(SELECT * FROM lastGeneratedDates ORDER BY lastDate DESC LIMIT 1;)
2024-05-28T13:04:54.081435262:Accesdb.lligQuery(..)) ->SELECT date, workTime FROM calendar WHERE idWorker=0
2024-05-28T13:04:54.125700508:Accesdb.lligQuery(..)) ->SELECT date, workTime FROM calendar WHERE idWorker=1
2024-05-28T13:04:54.152891101:Accesdb.lligQuery(..)) ->SELECT date, workTime FROM calendar WHERE idWorker=2
2024-05-28T13:04:54.174648107:Accesdb.lligQuery(..)) ->SELECT date, workTime FROM calendar WHERE idWorker=3
2024-05-28T13:04:54.195292398:Accesdb.lligQuery(..)) ->SELECT date, workTime FROM calendar WHERE idWorker=4
2024-05-28T13:04:54.210342179:Accesdb.lligQuery(..)) ->SELECT idTask FROM abilities WHERE idWorker = 0
2024-05-28T13:04:54.222989918:Accesdb.lligQuery(..)) ->SELECT idTask FROM abilities WHERE idWorker = 1
2024-05-28T13:04:54.235809478:Accesdb.lligQuery(..)) ->SELECT idTask FROM abilities WHERE idWorker = 2
2024-05-28T13:04:54.247423531:Accesdb.lligQuery(..)) ->SELECT idTask FROM abilities WHERE idWorker = 3
2024-05-28T13:04:54.257848946:Accesdb.lligQuery(..)) ->SELECT idTask FROM abilities WHERE idWorker = 4
2024-05-28T13:05:01.614825055:Accesdb.lligReg(SELECT idWorker, workerRol FROM worker WHERE userName='ADMIN' AND password='1234')
2024-05-28T13:05:51.723485585:Opened filelog queries.log
2024-05-28T13:05:52.119550992:Accesdb.lligtaula(weekTemplate) ->SELECT * FROM weekTemplate
2024-05-28T13:05:52.155137212:Accesdb.lligtaula(worker) ->SELECT * FROM worker
2024-05-28T13:05:52.175271714:Accesdb.lligtaula(odplanDDBB.rank) ->SELECT * FROM odplanDDBB.rank
2024-05-28T13:05:52.194997692:Accesdb.lligtaula(taskType) ->SELECT * FROM taskType
2024-05-28T13:05:52.217461829:Accesdb.lligtaula(section) ->SELECT * FROM section
2024-05-28T13:05:52.239183877:Accesdb.lligtaula(productType) ->SELECT * FROM productType
2024-05-28T13:05:52.255163260:Accesdb.lligtaula(productType) ->SELECT * FROM productType
2024-05-28T13:05:52.255413661:Accesdb.lligString(SELECT * FROM lastGeneratedDates ORDER BY lastDate DESC LIMIT 1;)
2024-05-28T13:05:52.268648601:Accesdb.lligReg(SELECT * FROM lastGeneratedDates ORDER BY lastDate DESC LIMIT 1;)
2024-05-28T13:05:52.280544719:Accesdb.lligReg(SELECT * FROM lastGeneratedDates ORDER BY lastDate DESC LIMIT 1;)
2024-05-28T13:05:52.326114483:Accesdb.lligQuery(..)) ->SELECT date, workTime FROM calendar WHERE idWorker=0
2024-05-28T13:05:52.365266686:Accesdb.lligQuery(..)) ->SELECT date, workTime FROM calendar WHERE idWorker=1
2024-05-28T13:05:52.390493665:Accesdb.lligQuery(..)) ->SELECT date, workTime FROM calendar WHERE idWorker=2
2024-05-28T13:05:52.409618052:Accesdb.lligQuery(..)) ->SELECT date, workTime FROM calendar WHERE idWorker=3
2024-05-28T13:05:52.429192316:Accesdb.lligQuery(..)) ->SELECT date, workTime FROM calendar WHERE idWorker=4
2024-05-28T13:05:52.442822150:Accesdb.lligQuery(..)) ->SELECT idTask FROM abilities WHERE idWorker = 0
2024-05-28T13:05:52.454616135:Accesdb.lligQuery(..)) ->SELECT idTask FROM abilities WHERE idWorker = 1
2024-05-28T13:05:52.469662648:Accesdb.lligQuery(..)) ->SELECT idTask FROM abilities WHERE idWorker = 2
2024-05-28T13:05:52.482365989:Accesdb.lligQuery(..)) ->SELECT idTask FROM abilities WHERE idWorker = 3
2024-05-28T13:05:52.494383868:Accesdb.lligQuery(..)) ->SELECT idTask FROM abilities WHERE idWorker = 4
2024-05-28T13:06:04.708079499:Accesdb.lligReg(SELECT idWorker, workerRol FROM worker WHERE userName='ADMIN' AND password='1234')
2024-05-28T13:13:12.786318106:Opened filelog queries.log
2024-05-28T13:13:13.203763849:Accesdb.lligtaula(weekTemplate) ->SELECT * FROM weekTemplate
2024-05-28T13:13:13.234180421:Accesdb.lligtaula(worker) ->SELECT * FROM worker
2024-05-28T13:13:13.254403035:Accesdb.lligtaula(odplanDDBB.rank) ->SELECT * FROM odplanDDBB.rank
2024-05-28T13:13:13.268519999:Accesdb.lligtaula(taskType) ->SELECT * FROM taskType
2024-05-28T13:13:13.284749519:Accesdb.lligtaula(section) ->SELECT * FROM section
2024-05-28T13:13:13.301699536:Accesdb.lligtaula(productType) ->SELECT * FROM productType
2024-05-28T13:13:13.313760203:Accesdb.lligtaula(productType) ->SELECT * FROM productType
2024-05-28T13:13:13.314020900:Accesdb.lligString(SELECT * FROM lastGeneratedDates ORDER BY lastDate DESC LIMIT 1;)
2024-05-28T13:13:13.325182721:Accesdb.lligReg(SELECT * FROM lastGeneratedDates ORDER BY lastDate DESC LIMIT 1;)
2024-05-28T13:13:13.337782202:Accesdb.lligReg(SELECT * FROM lastGeneratedDates ORDER BY lastDate DESC LIMIT 1;)
2024-05-28T13:13:13.386017552:Accesdb.lligQuery(..)) ->SELECT date, workTime FROM calendar WHERE idWorker=0
2024-05-28T13:13:13.425344908:Accesdb.lligQuery(..)) ->SELECT date, workTime FROM calendar WHERE idWorker=1
2024-05-28T13:13:13.450956939:Accesdb.lligQuery(..)) ->SELECT date, workTime FROM calendar WHERE idWorker=2
2024-05-28T13:13:13.468927014:Accesdb.lligQuery(..)) ->SELECT date, workTime FROM calendar WHERE idWorker=3
2024-05-28T13:13:13.484077326:Accesdb.lligQuery(..)) ->SELECT date, workTime FROM calendar WHERE idWorker=4
2024-05-28T13:13:13.499322176:Accesdb.lligQuery(..)) ->SELECT idTask FROM abilities WHERE idWorker = 0
2024-05-28T13:13:13.514956893:Accesdb.lligQuery(..)) ->SELECT idTask FROM abilities WHERE idWorker = 1
2024-05-28T13:13:13.528447176:Accesdb.lligQuery(..)) ->SELECT idTask FROM abilities WHERE idWorker = 2
2024-05-28T13:13:13.542230010:Accesdb.lligQuery(..)) ->SELECT idTask FROM abilities WHERE idWorker = 3
2024-05-28T13:13:13.554247294:Accesdb.lligQuery(..)) ->SELECT idTask FROM abilities WHERE idWorker = 4
2024-05-28T13:13:21.452220016:Accesdb.lligReg(SELECT idWorker, workerRol FROM worker WHERE userName='ADMIN' AND password='1234')
2024-05-28T13:14:02.074189564:Opened filelog queries.log
2024-05-28T13:14:02.501428094:Accesdb.lligtaula(weekTemplate) ->SELECT * FROM weekTemplate
2024-05-28T13:14:02.547952316:Accesdb.lligtaula(worker) ->SELECT * FROM worker
2024-05-28T13:14:02.567827382:Accesdb.lligtaula(odplanDDBB.rank) ->SELECT * FROM odplanDDBB.rank
2024-05-28T13:14:02.582478825:Accesdb.lligtaula(taskType) ->SELECT * FROM taskType
2024-05-28T13:14:02.600899819:Accesdb.lligtaula(section) ->SELECT * FROM section
2024-05-28T13:14:02.626942163:Accesdb.lligtaula(productType) ->SELECT * FROM productType
2024-05-28T13:14:02.651414474:Accesdb.lligtaula(productType) ->SELECT * FROM productType
2024-05-28T13:14:02.651760231:Accesdb.lligString(SELECT * FROM lastGeneratedDates ORDER BY lastDate DESC LIMIT 1;)
2024-05-28T13:14:02.670220984:Accesdb.lligReg(SELECT * FROM lastGeneratedDates ORDER BY lastDate DESC LIMIT 1;)
2024-05-28T13:14:02.693872858:Accesdb.lligReg(SELECT * FROM lastGeneratedDates ORDER BY lastDate DESC LIMIT 1;)
2024-05-28T13:14:02.751820376:Accesdb.lligQuery(..)) ->SELECT date, workTime FROM calendar WHERE idWorker=0
2024-05-28T13:14:02.817086426:Accesdb.lligQuery(..)) ->SELECT date, workTime FROM calendar WHERE idWorker=1
2024-05-28T13:14:02.859298683:Accesdb.lligQuery(..)) ->SELECT date, workTime FROM calendar WHERE idWorker=2
2024-05-28T13:14:02.892155785:Accesdb.lligQuery(..)) ->SELECT date, workTime FROM calendar WHERE idWorker=3
2024-05-28T13:14:02.918733698:Accesdb.lligQuery(..)) ->SELECT date, workTime FROM calendar WHERE idWorker=4
2024-05-28T13:14:02.938357164:Accesdb.lligQuery(..)) ->SELECT idTask FROM abilities WHERE idWorker = 0
2024-05-28T13:14:02.954230891:Accesdb.lligQuery(..)) ->SELECT idTask FROM abilities WHERE idWorker = 1
2024-05-28T13:14:02.970009047:Accesdb.lligQuery(..)) ->SELECT idTask FROM abilities WHERE idWorker = 2
2024-05-28T13:14:02.985811255:Accesdb.lligQuery(..)) ->SELECT idTask FROM abilities WHERE idWorker = 3
2024-05-28T13:14:03.017423790:Accesdb.lligQuery(..)) ->SELECT idTask FROM abilities WHERE idWorker = 4
2024-05-28T13:14:14.198883741:Accesdb.lligReg(SELECT idWorker, workerRol FROM worker WHERE userName='ADMIN' AND password='1234')
2024-05-28T13:16:37.238503927:Opened filelog queries.log
2024-05-28T13:16:37.679342364:Accesdb.lligtaula(weekTemplate) ->SELECT * FROM weekTemplate
2024-05-28T13:16:37.714022818:Accesdb.lligtaula(worker) ->SELECT * FROM worker
2024-05-28T13:16:37.735338135:Accesdb.lligtaula(odplanDDBB.rank) ->SELECT * FROM odplanDDBB.rank
2024-05-28T13:16:37.752749261:Accesdb.lligtaula(taskType) ->SELECT * FROM taskType
2024-05-28T13:16:37.769822152:Accesdb.lligtaula(section) ->SELECT * FROM section
2024-05-28T13:16:37.786999137:Accesdb.lligtaula(productType) ->SELECT * FROM productType
2024-05-28T13:16:37.802145520:Accesdb.lligtaula(productType) ->SELECT * FROM productType
2024-05-28T13:16:37.802434737:Accesdb.lligString(SELECT * FROM lastGeneratedDates ORDER BY lastDate DESC LIMIT 1;)
2024-05-28T13:16:37.816987370:Accesdb.lligReg(SELECT * FROM lastGeneratedDates ORDER BY lastDate DESC LIMIT 1;)
2024-05-28T13:16:37.831091431:Accesdb.lligReg(SELECT * FROM lastGeneratedDates ORDER BY lastDate DESC LIMIT 1;)
2024-05-28T13:16:37.882071999:Accesdb.lligQuery(..)) ->SELECT date, workTime FROM calendar WHERE idWorker=0
2024-05-28T13:16:37.915827654:Accesdb.lligQuery(..)) ->SELECT date, workTime FROM calendar WHERE idWorker=1
2024-05-28T13:16:37.938093158:Accesdb.lligQuery(..)) ->SELECT date, workTime FROM calendar WHERE idWorker=2
2024-05-28T13:16:37.956648761:Accesdb.lligQuery(..)) ->SELECT date, workTime FROM calendar WHERE idWorker=3
2024-05-28T13:16:37.975249957:Accesdb.lligQuery(..)) ->SELECT date, workTime FROM calendar WHERE idWorker=4
2024-05-28T13:16:37.991983507:Accesdb.lligQuery(..)) ->SELECT idTask FROM abilities WHERE idWorker = 0
2024-05-28T13:16:38.004083:Accesdb.lligQuery(..)) ->SELECT idTask FROM abilities WHERE idWorker = 1
2024-05-28T13:16:38.017742559:Accesdb.lligQuery(..)) ->SELECT idTask FROM abilities WHERE idWorker = 2
2024-05-28T13:16:38.029284691:Accesdb.lligQuery(..)) ->SELECT idTask FROM abilities WHERE idWorker = 3
2024-05-28T13:16:38.041723018:Accesdb.lligQuery(..)) ->SELECT idTask FROM abilities WHERE idWorker = 4
2024-05-28T13:16:45.790718758:Accesdb.lligReg(SELECT idWorker, workerRol FROM worker WHERE userName='ADMIN' AND password='1234')
2024-05-28T13:17:42.292447868:Opened filelog queries.log
2024-05-28T13:17:42.786853359:Accesdb.lligtaula(weekTemplate) ->SELECT * FROM weekTemplate
2024-05-28T13:17:42.832867322:Accesdb.lligtaula(worker) ->SELECT * FROM worker
2024-05-28T13:17:42.856069481:Accesdb.lligtaula(odplanDDBB.rank) ->SELECT * FROM odplanDDBB.rank
2024-05-28T13:17:42.873684515:Accesdb.lligtaula(taskType) ->SELECT * FROM taskType
2024-05-28T13:17:42.895815858:Accesdb.lligtaula(section) ->SELECT * FROM section
2024-05-28T13:17:42.913933567:Accesdb.lligtaula(productType) ->SELECT * FROM productType
2024-05-28T13:17:42.930628313:Accesdb.lligtaula(productType) ->SELECT * FROM productType
2024-05-28T13:17:42.930890900:Accesdb.lligString(SELECT * FROM lastGeneratedDates ORDER BY lastDate DESC LIMIT 1;)
2024-05-28T13:17:42.945029671:Accesdb.lligReg(SELECT * FROM lastGeneratedDates ORDER BY lastDate DESC LIMIT 1;)
2024-05-28T13:17:42.960397362:Accesdb.lligReg(SELECT * FROM lastGeneratedDates ORDER BY lastDate DESC LIMIT 1;)
2024-05-28T13:17:43.019098480:Accesdb.lligQuery(..)) ->SELECT date, workTime FROM calendar WHERE idWorker=0
2024-05-28T13:17:43.061450577:Accesdb.lligQuery(..)) ->SELECT date, workTime FROM calendar WHERE idWorker=1
2024-05-28T13:17:43.086694149:Accesdb.lligQuery(..)) ->SELECT date, workTime FROM calendar WHERE idWorker=2
2024-05-28T13:17:43.103948410:Accesdb.lligQuery(..)) ->SELECT date, workTime FROM calendar WHERE idWorker=3
2024-05-28T13:17:43.120188382:Accesdb.lligQuery(..)) ->SELECT date, workTime FROM calendar WHERE idWorker=4
2024-05-28T13:17:43.133064005:Accesdb.lligQuery(..)) ->SELECT idTask FROM abilities WHERE idWorker = 0
2024-05-28T13:17:43.146285102:Accesdb.lligQuery(..)) ->SELECT idTask FROM abilities WHERE idWorker = 1
2024-05-28T13:17:43.160060479:Accesdb.lligQuery(..)) ->SELECT idTask FROM abilities WHERE idWorker = 2
2024-05-28T13:17:43.171180990:Accesdb.lligQuery(..)) ->SELECT idTask FROM abilities WHERE idWorker = 3
2024-05-28T13:17:43.186834344:Accesdb.lligQuery(..)) ->SELECT idTask FROM abilities WHERE idWorker = 4
2024-05-28T13:17:51.179531472:Accesdb.lligReg(SELECT idWorker, workerRol FROM worker WHERE userName='ADMIN' AND password='1234')
2024-05-28T13:36:35.185618542:Opened filelog queries.log
2024-05-28T13:36:35.597998394:Accesdb.lligtaula(weekTemplate) ->SELECT * FROM weekTemplate
2024-05-28T13:36:35.632212808:Accesdb.lligtaula(worker) ->SELECT * FROM worker
2024-05-28T13:36:35.652859263:Accesdb.lligtaula(odplanDDBB.rank) ->SELECT * FROM odplanDDBB.rank
2024-05-28T13:36:35.672851100:Accesdb.lligtaula(taskType) ->SELECT * FROM taskType
2024-05-28T13:36:35.691439134:Accesdb.lligtaula(section) ->SELECT * FROM section
2024-05-28T13:36:35.711915004:Accesdb.lligtaula(productType) ->SELECT * FROM productType
2024-05-28T13:36:35.729270008:Accesdb.lligtaula(productType) ->SELECT * FROM productType
2024-05-28T13:36:35.729529056:Accesdb.lligString(SELECT * FROM lastGeneratedDates ORDER BY lastDate DESC LIMIT 1;)
2024-05-28T13:36:35.744911212:Accesdb.lligReg(SELECT * FROM lastGeneratedDates ORDER BY lastDate DESC LIMIT 1;)
2024-05-28T13:36:35.760938908:Accesdb.lligReg(SELECT * FROM lastGeneratedDates ORDER BY lastDate DESC LIMIT 1;)
2024-05-28T13:36:35.815724640:Accesdb.lligQuery(..)) ->SELECT date, workTime FROM calendar WHERE idWorker=0
2024-05-28T13:36:35.853025218:Accesdb.lligQuery(..)) ->SELECT date, workTime FROM calendar WHERE idWorker=1
2024-05-28T13:36:35.875059836:Accesdb.lligQuery(..)) ->SELECT date, workTime FROM calendar WHERE idWorker=2
2024-05-28T13:36:35.895010845:Accesdb.lligQuery(..)) ->SELECT date, workTime FROM calendar WHERE idWorker=3
2024-05-28T13:36:35.916379240:Accesdb.lligQuery(..)) ->SELECT date, workTime FROM calendar WHERE idWorker=4
2024-05-28T13:36:35.932903483:Accesdb.lligQuery(..)) ->SELECT idTask FROM abilities WHERE idWorker = 0
2024-05-28T13:36:35.947786773:Accesdb.lligQuery(..)) ->SELECT idTask FROM abilities WHERE idWorker = 1
2024-05-28T13:36:35.961220199:Accesdb.lligQuery(..)) ->SELECT idTask FROM abilities WHERE idWorker = 2
2024-05-28T13:36:35.977214121:Accesdb.lligQuery(..)) ->SELECT idTask FROM abilities WHERE idWorker = 3
2024-05-28T13:36:35.990875002:Accesdb.lligQuery(..)) ->SELECT idTask FROM abilities WHERE idWorker = 4
2024-05-28T13:36:43.382461465:Accesdb.lligReg(SELECT idWorker, workerRol FROM worker WHERE userName='ADMIN' AND password='1234')
2024-05-28T13:43:36.219604668:Opened filelog queries.log
2024-05-28T13:43:36.653784016:Accesdb.lligtaula(weekTemplate) ->SELECT * FROM weekTemplate
2024-05-28T13:43:36.694748305:Accesdb.lligtaula(worker) ->SELECT * FROM worker
2024-05-28T13:43:36.715139599:Accesdb.lligtaula(odplanDDBB.rank) ->SELECT * FROM odplanDDBB.rank
2024-05-28T13:43:36.733862749:Accesdb.lligtaula(taskType) ->SELECT * FROM taskType
2024-05-28T13:43:36.755860734:Accesdb.lligtaula(section) ->SELECT * FROM section
2024-05-28T13:43:36.774882816:Accesdb.lligtaula(productType) ->SELECT * FROM productType
2024-05-28T13:43:36.789350466:Accesdb.lligtaula(productType) ->SELECT * FROM productType
2024-05-28T13:43:36.789611965:Accesdb.lligString(SELECT * FROM lastGeneratedDates ORDER BY lastDate DESC LIMIT 1;)
2024-05-28T13:43:36.801864127:Accesdb.lligReg(SELECT * FROM lastGeneratedDates ORDER BY lastDate DESC LIMIT 1;)
2024-05-28T13:43:36.815505880:Accesdb.lligReg(SELECT * FROM lastGeneratedDates ORDER BY lastDate DESC LIMIT 1;)
2024-05-28T13:43:36.864844741:Accesdb.lligQuery(..)) ->SELECT date, workTime FROM calendar WHERE idWorker=0
2024-05-28T13:43:36.910492535:Accesdb.lligQuery(..)) ->SELECT date, workTime FROM calendar WHERE idWorker=1
2024-05-28T13:43:36.930418720:Accesdb.lligQuery(..)) ->SELECT date, workTime FROM calendar WHERE idWorker=2
2024-05-28T13:43:36.947636139:Accesdb.lligQuery(..)) ->SELECT date, workTime FROM calendar WHERE idWorker=3
2024-05-28T13:43:36.967368849:Accesdb.lligQuery(..)) ->SELECT date, workTime FROM calendar WHERE idWorker=4
2024-05-28T13:43:36.985625319:Accesdb.lligQuery(..)) ->SELECT idTask FROM abilities WHERE idWorker = 0
2024-05-28T13:43:37.002257103:Accesdb.lligQuery(..)) ->SELECT idTask FROM abilities WHERE idWorker = 1
2024-05-28T13:43:37.019289102:Accesdb.lligQuery(..)) ->SELECT idTask FROM abilities WHERE idWorker = 2
2024-05-28T13:43:37.032041602:Accesdb.lligQuery(..)) ->SELECT idTask FROM abilities WHERE idWorker = 3
2024-05-28T13:43:37.046260736:Accesdb.lligQuery(..)) ->SELECT idTask FROM abilities WHERE idWorker = 4
2024-05-28T13:43:44.185242115:Accesdb.lligReg(SELECT idWorker, workerRol FROM worker WHERE userName='ADMIN' AND password='1234')
